[2019-08-06 23:16:12,143] {dag_processing.py:804} INFO - Processing files using up to 1 processes at a time 
[2019-08-06 23:16:12,144] {dag_processing.py:805} INFO - Process each file at most once every 0 seconds
[2019-08-06 23:16:12,145] {dag_processing.py:807} INFO - Checking for new files in /Users/vj/Documents/My_Mac/Projects/aws_etl_airflow/airflow/dags every 300 seconds
[2019-08-06 23:16:12,257] {dag_processing.py:1004} INFO - 
================================================================================
DAG File Processing Stats

File Path                                                                                                                                              PID    Runtime    Last Runtime    Last Run
-----------------------------------------------------------------------------------------------------------------------------------------------------  -----  ---------  --------------  -------------------
/Users/vj/Documents/My_Mac/Projects/aws_etl_airflow/airflow/dags/test_dag.py
/Users/vj/Documents/My_Mac/Projects/aws_etl_airflow/.venv/lib/python3.7/site-packages/airflow/example_dags/example_latest_only.py
/Users/vj/Documents/My_Mac/Projects/aws_etl_airflow/.venv/lib/python3.7/site-packages/airflow/example_dags/example_python_operator.py
/Users/vj/Documents/My_Mac/Projects/aws_etl_airflow/.venv/lib/python3.7/site-packages/airflow/example_dags/test_utils.py
/Users/vj/Documents/My_Mac/Projects/aws_etl_airflow/.venv/lib/python3.7/site-packages/airflow/example_dags/example_bash_operator.py
/Users/vj/Documents/My_Mac/Projects/aws_etl_airflow/.venv/lib/python3.7/site-packages/airflow/example_dags/example_short_circuit_operator.py
/Users/vj/Documents/My_Mac/Projects/aws_etl_airflow/.venv/lib/python3.7/site-packages/airflow/example_dags/example_branch_operator.py
/Users/vj/Documents/My_Mac/Projects/aws_etl_airflow/.venv/lib/python3.7/site-packages/airflow/example_dags/example_docker_operator.py
/Users/vj/Documents/My_Mac/Projects/aws_etl_airflow/.venv/lib/python3.7/site-packages/airflow/example_dags/docker_copy_data.py
/Users/vj/Documents/My_Mac/Projects/aws_etl_airflow/.venv/lib/python3.7/site-packages/airflow/example_dags/example_pig_operator.py
/Users/vj/Documents/My_Mac/Projects/aws_etl_airflow/.venv/lib/python3.7/site-packages/airflow/example_dags/example_passing_params_via_test_command.py
/Users/vj/Documents/My_Mac/Projects/aws_etl_airflow/.venv/lib/python3.7/site-packages/airflow/example_dags/example_latest_only_with_trigger.py
/Users/vj/Documents/My_Mac/Projects/aws_etl_airflow/.venv/lib/python3.7/site-packages/airflow/example_dags/example_xcom.py
/Users/vj/Documents/My_Mac/Projects/aws_etl_airflow/.venv/lib/python3.7/site-packages/airflow/example_dags/example_http_operator.py
/Users/vj/Documents/My_Mac/Projects/aws_etl_airflow/.venv/lib/python3.7/site-packages/airflow/example_dags/example_skip_dag.py
/Users/vj/Documents/My_Mac/Projects/aws_etl_airflow/.venv/lib/python3.7/site-packages/airflow/example_dags/example_trigger_target_dag.py
/Users/vj/Documents/My_Mac/Projects/aws_etl_airflow/.venv/lib/python3.7/site-packages/airflow/example_dags/example_branch_python_dop_operator_3.py
/Users/vj/Documents/My_Mac/Projects/aws_etl_airflow/.venv/lib/python3.7/site-packages/airflow/example_dags/example_subdag_operator.py
/Users/vj/Documents/My_Mac/Projects/aws_etl_airflow/.venv/lib/python3.7/site-packages/airflow/example_dags/example_trigger_controller_dag.py
/Users/vj/Documents/My_Mac/Projects/aws_etl_airflow/.venv/lib/python3.7/site-packages/airflow/example_dags/subdags/subdag.py
/Users/vj/Documents/My_Mac/Projects/aws_etl_airflow/.venv/lib/python3.7/site-packages/airflow/example_dags/tutorial.py                                                   0.11s           2019-08-07T03:16:12
================================================================================
[2019-08-06 23:16:42,374] {dag_processing.py:1004} INFO - 
================================================================================
DAG File Processing Stats

File Path                                                                                                                                              PID    Runtime    Last Runtime    Last Run
-----------------------------------------------------------------------------------------------------------------------------------------------------  -----  ---------  --------------  -------------------
/Users/vj/Documents/My_Mac/Projects/aws_etl_airflow/airflow/dags/test_dag.py
/Users/vj/Documents/My_Mac/Projects/aws_etl_airflow/.venv/lib/python3.7/site-packages/airflow/example_dags/example_latest_only.py
/Users/vj/Documents/My_Mac/Projects/aws_etl_airflow/.venv/lib/python3.7/site-packages/airflow/example_dags/example_python_operator.py
/Users/vj/Documents/My_Mac/Projects/aws_etl_airflow/.venv/lib/python3.7/site-packages/airflow/example_dags/docker_copy_data.py
/Users/vj/Documents/My_Mac/Projects/aws_etl_airflow/.venv/lib/python3.7/site-packages/airflow/example_dags/example_passing_params_via_test_command.py
/Users/vj/Documents/My_Mac/Projects/aws_etl_airflow/.venv/lib/python3.7/site-packages/airflow/example_dags/example_trigger_target_dag.py                                 0.10s           2019-08-07T03:16:34
/Users/vj/Documents/My_Mac/Projects/aws_etl_airflow/.venv/lib/python3.7/site-packages/airflow/example_dags/example_docker_operator.py                                    0.10s           2019-08-07T03:16:40
/Users/vj/Documents/My_Mac/Projects/aws_etl_airflow/.venv/lib/python3.7/site-packages/airflow/example_dags/example_trigger_controller_dag.py                             0.10s           2019-08-07T03:16:28
/Users/vj/Documents/My_Mac/Projects/aws_etl_airflow/.venv/lib/python3.7/site-packages/airflow/example_dags/subdags/subdag.py                                             0.10s           2019-08-07T03:16:32
/Users/vj/Documents/My_Mac/Projects/aws_etl_airflow/.venv/lib/python3.7/site-packages/airflow/example_dags/example_latest_only_with_trigger.py                           0.10s           2019-08-07T03:16:26
/Users/vj/Documents/My_Mac/Projects/aws_etl_airflow/.venv/lib/python3.7/site-packages/airflow/example_dags/example_skip_dag.py                                           0.10s           2019-08-07T03:16:20
/Users/vj/Documents/My_Mac/Projects/aws_etl_airflow/.venv/lib/python3.7/site-packages/airflow/example_dags/example_branch_python_dop_operator_3.py                       0.10s           2019-08-07T03:16:38
/Users/vj/Documents/My_Mac/Projects/aws_etl_airflow/.venv/lib/python3.7/site-packages/airflow/example_dags/test_utils.py                                                 0.10s           2019-08-07T03:16:30
/Users/vj/Documents/My_Mac/Projects/aws_etl_airflow/.venv/lib/python3.7/site-packages/airflow/example_dags/example_xcom.py                                               0.10s           2019-08-07T03:16:18
/Users/vj/Documents/My_Mac/Projects/aws_etl_airflow/.venv/lib/python3.7/site-packages/airflow/example_dags/example_bash_operator.py                                      0.10s           2019-08-07T03:16:14
/Users/vj/Documents/My_Mac/Projects/aws_etl_airflow/.venv/lib/python3.7/site-packages/airflow/example_dags/example_short_circuit_operator.py                             0.10s           2019-08-07T03:16:16
/Users/vj/Documents/My_Mac/Projects/aws_etl_airflow/.venv/lib/python3.7/site-packages/airflow/example_dags/example_pig_operator.py                                       0.10s           2019-08-07T03:16:36
/Users/vj/Documents/My_Mac/Projects/aws_etl_airflow/.venv/lib/python3.7/site-packages/airflow/example_dags/example_http_operator.py                                      0.10s           2019-08-07T03:16:22
/Users/vj/Documents/My_Mac/Projects/aws_etl_airflow/.venv/lib/python3.7/site-packages/airflow/example_dags/example_branch_operator.py                                    0.10s           2019-08-07T03:16:24
/Users/vj/Documents/My_Mac/Projects/aws_etl_airflow/.venv/lib/python3.7/site-packages/airflow/example_dags/tutorial.py                                                   0.11s           2019-08-07T03:16:12
/Users/vj/Documents/My_Mac/Projects/aws_etl_airflow/.venv/lib/python3.7/site-packages/airflow/example_dags/example_subdag_operator.py                                    0.20s           2019-08-07T03:16:42
================================================================================
[2019-08-06 23:17:12,451] {dag_processing.py:1004} INFO - 
================================================================================
DAG File Processing Stats

File Path                                                                                                                                              PID    Runtime    Last Runtime    Last Run
-----------------------------------------------------------------------------------------------------------------------------------------------------  -----  ---------  --------------  -------------------
/Users/vj/Documents/My_Mac/Projects/aws_etl_airflow/.venv/lib/python3.7/site-packages/airflow/example_dags/example_trigger_target_dag.py                                 0.10s           2019-08-07T03:16:34
/Users/vj/Documents/My_Mac/Projects/aws_etl_airflow/.venv/lib/python3.7/site-packages/airflow/example_dags/example_docker_operator.py                                    0.10s           2019-08-07T03:16:40
/Users/vj/Documents/My_Mac/Projects/aws_etl_airflow/.venv/lib/python3.7/site-packages/airflow/example_dags/example_xcom.py                                               0.10s           2019-08-07T03:17:00
/Users/vj/Documents/My_Mac/Projects/aws_etl_airflow/.venv/lib/python3.7/site-packages/airflow/example_dags/example_latest_only.py                                        0.10s           2019-08-07T03:16:52
/Users/vj/Documents/My_Mac/Projects/aws_etl_airflow/.venv/lib/python3.7/site-packages/airflow/example_dags/example_bash_operator.py                                      0.10s           2019-08-07T03:16:56
/Users/vj/Documents/My_Mac/Projects/aws_etl_airflow/.venv/lib/python3.7/site-packages/airflow/example_dags/subdags/subdag.py                                             0.10s           2019-08-07T03:16:32
/Users/vj/Documents/My_Mac/Projects/aws_etl_airflow/.venv/lib/python3.7/site-packages/airflow/example_dags/example_skip_dag.py                                           0.10s           2019-08-07T03:17:02
/Users/vj/Documents/My_Mac/Projects/aws_etl_airflow/.venv/lib/python3.7/site-packages/airflow/example_dags/example_latest_only_with_trigger.py                           0.10s           2019-08-07T03:17:08
/Users/vj/Documents/My_Mac/Projects/aws_etl_airflow/.venv/lib/python3.7/site-packages/airflow/example_dags/example_trigger_controller_dag.py                             0.10s           2019-08-07T03:17:10
/Users/vj/Documents/My_Mac/Projects/aws_etl_airflow/.venv/lib/python3.7/site-packages/airflow/example_dags/example_http_operator.py                                      0.10s           2019-08-07T03:17:04
/Users/vj/Documents/My_Mac/Projects/aws_etl_airflow/.venv/lib/python3.7/site-packages/airflow/example_dags/example_passing_params_via_test_command.py                    0.10s           2019-08-07T03:16:48
/Users/vj/Documents/My_Mac/Projects/aws_etl_airflow/.venv/lib/python3.7/site-packages/airflow/example_dags/example_branch_python_dop_operator_3.py                       0.10s           2019-08-07T03:16:38
/Users/vj/Documents/My_Mac/Projects/aws_etl_airflow/airflow/dags/test_dag.py                                                                                             0.10s           2019-08-07T03:16:46
/Users/vj/Documents/My_Mac/Projects/aws_etl_airflow/.venv/lib/python3.7/site-packages/airflow/example_dags/example_branch_operator.py                                    0.10s           2019-08-07T03:17:06
/Users/vj/Documents/My_Mac/Projects/aws_etl_airflow/.venv/lib/python3.7/site-packages/airflow/example_dags/tutorial.py                                                   0.10s           2019-08-07T03:16:54
/Users/vj/Documents/My_Mac/Projects/aws_etl_airflow/.venv/lib/python3.7/site-packages/airflow/example_dags/example_short_circuit_operator.py                             0.10s           2019-08-07T03:16:58
/Users/vj/Documents/My_Mac/Projects/aws_etl_airflow/.venv/lib/python3.7/site-packages/airflow/example_dags/example_python_operator.py                                    0.10s           2019-08-07T03:16:44
/Users/vj/Documents/My_Mac/Projects/aws_etl_airflow/.venv/lib/python3.7/site-packages/airflow/example_dags/example_pig_operator.py                                       0.10s           2019-08-07T03:16:36
/Users/vj/Documents/My_Mac/Projects/aws_etl_airflow/.venv/lib/python3.7/site-packages/airflow/example_dags/docker_copy_data.py                                           0.10s           2019-08-07T03:16:50
/Users/vj/Documents/My_Mac/Projects/aws_etl_airflow/.venv/lib/python3.7/site-packages/airflow/example_dags/example_subdag_operator.py                                    0.20s           2019-08-07T03:16:42
/Users/vj/Documents/My_Mac/Projects/aws_etl_airflow/.venv/lib/python3.7/site-packages/airflow/example_dags/test_utils.py                                                 0.20s           2019-08-07T03:17:12
================================================================================
[2019-08-06 23:17:27,664] {dag_processing.py:790} INFO - Exiting gracefully upon receiving signal 15
